Detecting compiler hash for triplet x64-linux...
Compiler found: /usr/sbin/c++
The following packages will be built and installed:
  * egl-registry:x64-linux@2025-05-27
    glad[core,loader]:x64-linux@0.1.36
    glfw3:x64-linux@3.4#1
    glm:x64-linux@1.0.3
    opengl:x64-linux@2022-12-04#3
  * opengl-registry:x64-linux@2026-01-26
  * vcpkg-cmake:x64-linux@2024-04-23
  * vcpkg-cmake-config:x64-linux@2024-05-23
Additional packages (*) will be modified to complete this operation.
Restored 0 package(s) from /home/matias/.cache/vcpkg/archives in 12.6 us. Use --debug to see more details.
Installing 1/8 vcpkg-cmake-config:x64-linux@2024-05-23...
Building vcpkg-cmake-config:x64-linux@2024-05-23...
-- Installing: /home/matias/vcpkg/packages/vcpkg-cmake-config_x64-linux/share/vcpkg-cmake-config/vcpkg_cmake_config_fixup.cmake
-- Installing: /home/matias/vcpkg/packages/vcpkg-cmake-config_x64-linux/share/vcpkg-cmake-config/vcpkg-port-config.cmake
-- Installing: /home/matias/vcpkg/packages/vcpkg-cmake-config_x64-linux/share/vcpkg-cmake-config/copyright
-- Skipping post-build validation due to VCPKG_POLICY_EMPTY_PACKAGE
Starting submission of vcpkg-cmake-config:x64-linux@2024-05-23 to 1 binary cache(s) in the background
Elapsed time to handle vcpkg-cmake-config:x64-linux: 13.4 ms
vcpkg-cmake-config:x64-linux package ABI: 1cd6735b0de931b2b18ca41fac5898defc19f77d6d2f6bb9668c63edf18b1d82
Installing 2/8 vcpkg-cmake:x64-linux@2024-04-23...
Building vcpkg-cmake:x64-linux@2024-04-23...
-- Installing: /home/matias/vcpkg/packages/vcpkg-cmake_x64-linux/share/vcpkg-cmake/vcpkg_cmake_configure.cmake
-- Installing: /home/matias/vcpkg/packages/vcpkg-cmake_x64-linux/share/vcpkg-cmake/vcpkg_cmake_build.cmake
-- Installing: /home/matias/vcpkg/packages/vcpkg-cmake_x64-linux/share/vcpkg-cmake/vcpkg_cmake_install.cmake
-- Installing: /home/matias/vcpkg/packages/vcpkg-cmake_x64-linux/share/vcpkg-cmake/vcpkg-port-config.cmake
-- Installing: /home/matias/vcpkg/packages/vcpkg-cmake_x64-linux/share/vcpkg-cmake/copyright
-- Performing post-build validation
Starting submission of vcpkg-cmake:x64-linux@2024-04-23 to 1 binary cache(s) in the background
Elapsed time to handle vcpkg-cmake:x64-linux: 14.5 ms
vcpkg-cmake:x64-linux package ABI: 26120dd78c7d911d9e741d3543dbc11773ae7c7f262ae80d94522489c583122e
error: zip --quiet -y -r /home/matias/vcpkg/packages/vcpkg-cmake-config_x64-linux.zip * --exclude .DS_Store failed with exit code 127
sh: line 1: zip: command not found

Completed submission of vcpkg-cmake-config:x64-linux@2024-05-23 to 0 binary cache(s) in 2.02 ms
Installing 3/8 egl-registry:x64-linux@2025-05-27...
Building egl-registry:x64-linux@2025-05-27...
-- Using cached KhronosGroup-EGL-Registry-3ae2b7c48690d2ce13cc6db3db02dfc0572be65e.tar.gz
-- Cleaning sources at /home/matias/vcpkg/buildtrees/egl-registry/src/c0572be65e-4257a9ad9b.clean. Use --editable to skip cleaning for the packages you specify.
-- Extracting source /home/matias/vcpkg/downloads/KhronosGroup-EGL-Registry-3ae2b7c48690d2ce13cc6db3db02dfc0572be65e.tar.gz
-- Using source at /home/matias/vcpkg/buildtrees/egl-registry/src/c0572be65e-4257a9ad9b.clean
-- Installing: /home/matias/vcpkg/packages/egl-registry_x64-linux/share/egl-registry/copyright
-- Performing post-build validation
Starting submission of egl-registry:x64-linux@2025-05-27 to 1 binary cache(s) in the background
Elapsed time to handle egl-registry:x64-linux: 69.3 ms
egl-registry:x64-linux package ABI: 038ff4e725532e07d968711786de8e2d3e5835e05390eb04e431178f590d7467
error: zip --quiet -y -r /home/matias/vcpkg/packages/vcpkg-cmake_x64-linux.zip * --exclude .DS_Store failed with exit code 127
sh: line 1: zip: command not found

Completed submission of vcpkg-cmake:x64-linux@2024-04-23 to 0 binary cache(s) in 2.04 ms
Installing 4/8 opengl-registry:x64-linux@2026-01-26...
Building opengl-registry:x64-linux@2026-01-26...
-- Using cached KhronosGroup-OpenGL-Registry-0b449b97cdf1043eef5e1f0e235cbbab6ec10c86.tar.gz
-- Cleaning sources at /home/matias/vcpkg/buildtrees/opengl-registry/src/ab6ec10c86-88344330ab.clean. Use --editable to skip cleaning for the packages you specify.
-- Extracting source /home/matias/vcpkg/downloads/KhronosGroup-OpenGL-Registry-0b449b97cdf1043eef5e1f0e235cbbab6ec10c86.tar.gz
-- Using source at /home/matias/vcpkg/buildtrees/opengl-registry/src/ab6ec10c86-88344330ab.clean
-- Installing: /home/matias/vcpkg/packages/opengl-registry_x64-linux/share/opengl-registry/copyright
-- Performing post-build validation
Starting submission of opengl-registry:x64-linux@2026-01-26 to 1 binary cache(s) in the background
Elapsed time to handle opengl-registry:x64-linux: 906 ms
opengl-registry:x64-linux package ABI: 13fb56689a3d0077f25e65b87679d797eaf27a3d6f6772d00c973232758b192d
error: zip --quiet -y -r /home/matias/vcpkg/packages/egl-registry_x64-linux.zip * --exclude .DS_Store failed with exit code 127
sh: line 1: zip: command not found

Completed submission of egl-registry:x64-linux@2025-05-27 to 0 binary cache(s) in 2.27 ms
Installing 5/8 glad[core,loader]:x64-linux@0.1.36...
Building glad[core,loader]:x64-linux@0.1.36...
-- Using cached Dav1dde-glad-1ecd45775d96f35170458e6b148eb0708967e402.tar.gz
-- Cleaning sources at /home/matias/vcpkg/buildtrees/glad/src/708967e402-274d415499.clean. Use --editable to skip cleaning for the packages you specify.
-- Extracting source /home/matias/vcpkg/downloads/Dav1dde-glad-1ecd45775d96f35170458e6b148eb0708967e402.tar.gz
-- Applying patch encoding.patch
-- Applying patch find_python.patch
-- Using source at /home/matias/vcpkg/buildtrees/glad/src/708967e402-274d415499.clean
-- This version of glad uses the compatibility profile. To use the core profile instead, create an overlay port of this with GLAD_PROFILE set to 'core' or set GLAD_PROFILE to 'core' in a custom triplet.
-- This recipe is at /home/matias/vcpkg/ports/glad
-- See the overlay ports documentation at https://github.com/microsoft/vcpkg/blob/master/docs/specifications/ports-overlay.md
-- Configuring x64-linux
-- Building x64-linux-dbg
-- Building x64-linux-rel
-- Installing: /home/matias/vcpkg/packages/glad_x64-linux/share/glad/copyright
-- Performing post-build validation
Starting submission of glad[core,loader]:x64-linux@0.1.36 to 1 binary cache(s) in the background
Elapsed time to handle glad:x64-linux: 2.7 s
glad:x64-linux package ABI: 38672fc3e5514c30fd35f4ce6d0329a3f12874a2eb2d2f3eafe282dee5f8c3cf
error: zip --quiet -y -r /home/matias/vcpkg/packages/opengl-registry_x64-linux.zip * --exclude .DS_Store failed with exit code 127
sh: line 1: zip: command not found

Completed submission of opengl-registry:x64-linux@2026-01-26 to 0 binary cache(s) in 2.58 ms
Installing 6/8 glfw3:x64-linux@3.4#1...
Building glfw3:x64-linux@3.4#1...
-- Using cached glfw-glfw-3.4.tar.gz
-- Cleaning sources at /home/matias/vcpkg/buildtrees/glfw3/src/3.4-2448ff4533.clean. Use --editable to skip cleaning for the packages you specify.
-- Extracting source /home/matias/vcpkg/downloads/glfw-glfw-3.4.tar.gz
-- Using source at /home/matias/vcpkg/buildtrees/glfw3/src/3.4-2448ff4533.clean
GLFW3 currently requires the following libraries from the system package manager:
    xinerama
    xcursor
    xorg
    libglu1-mesa
    pkg-config

These can be installed on Ubuntu systems via sudo apt install libxinerama-dev libxcursor-dev xorg-dev libglu1-mesa-dev pkg-config

Alternatively, when targeting the Wayland display server, use the packages listed in the GLFW documentation here:

https://www.glfw.org/docs/3.3/compile.html#compile_deps_wayland
-- Configuring x64-linux
-- Building x64-linux-dbg
-- Building x64-linux-rel
-- Fixing pkgconfig file: /home/matias/vcpkg/packages/glfw3_x64-linux/lib/pkgconfig/glfw3.pc
-- Fixing pkgconfig file: /home/matias/vcpkg/packages/glfw3_x64-linux/debug/lib/pkgconfig/glfw3.pc
-- Installing: /home/matias/vcpkg/packages/glfw3_x64-linux/share/glfw3/copyright
-- Performing post-build validation
Starting submission of glfw3:x64-linux@3.4#1 to 1 binary cache(s) in the background
Elapsed time to handle glfw3:x64-linux: 3.4 s
glfw3:x64-linux package ABI: da3e9c19112eb05f8221d92bd1c8f0b4d3f9a57a77fa59579c7703bd282b3b81
error: zip --quiet -y -r /home/matias/vcpkg/packages/glad_x64-linux.zip * --exclude .DS_Store failed with exit code 127
sh: line 1: zip: command not found

Completed submission of glad[core,loader]:x64-linux@0.1.36 to 0 binary cache(s) in 2.16 ms
Installing 7/8 glm:x64-linux@1.0.3...
Building glm:x64-linux@1.0.3...
-- Using cached g-truc-glm-1.0.3.tar.gz
-- Cleaning sources at /home/matias/vcpkg/buildtrees/glm/src/1.0.3-65552ff9f1.clean. Use --editable to skip cleaning for the packages you specify.
-- Extracting source /home/matias/vcpkg/downloads/g-truc-glm-1.0.3.tar.gz
-- Using source at /home/matias/vcpkg/buildtrees/glm/src/1.0.3-65552ff9f1.clean
-- Configuring x64-linux
-- Building x64-linux-dbg
-- Building x64-linux-rel
-- Installing: /home/matias/vcpkg/packages/glm_x64-linux/share/glm/copyright
-- Installing: /home/matias/vcpkg/packages/glm_x64-linux/share/glm/usage
-- Performing post-build validation
Starting submission of glm:x64-linux@1.0.3 to 1 binary cache(s) in the background
Elapsed time to handle glm:x64-linux: 6.7 s
glm:x64-linux package ABI: e8aa47168e79ece979ddf948e392144f239568c05a12835f8f591ec3d2dff34e
error: zip --quiet -y -r /home/matias/vcpkg/packages/glfw3_x64-linux.zip * --exclude .DS_Store failed with exit code 127
sh: line 1: zip: command not found

Completed submission of glfw3:x64-linux@3.4#1 to 0 binary cache(s) in 2.15 ms
Installing 8/8 opengl:x64-linux@2022-12-04#3...
Building opengl:x64-linux@2022-12-04#3...
-- Installing: /home/matias/vcpkg/packages/opengl_x64-linux/share/opengl/usage
-- Skipping post-build validation due to VCPKG_POLICY_EMPTY_PACKAGE
Starting submission of opengl:x64-linux@2022-12-04#3 to 1 binary cache(s) in the background
Elapsed time to handle opengl:x64-linux: 17.8 ms
opengl:x64-linux package ABI: 08dc4d8105482d78a065a2929a08d21715150f15b94cd4655eccab25aae93191
Installed contents are licensed to you by owners. Microsoft is not responsible for, nor does it grant any licenses to, third-party packages.
Some packages did not declare an SPDX license. Check the `copyright` file for each package for more information about their licensing.
Packages installed in this vcpkg installation declare the following licenses:
Apache-2.0
MIT
Zlib
glad provides CMake targets:

  # this is heuristically generated, and may not be correct
  find_package(glad CONFIG REQUIRED)
  target_link_libraries(main PRIVATE glad::glad)

glfw3 provides CMake targets:

  # this is heuristically generated, and may not be correct
  find_package(glfw3 CONFIG REQUIRED)
  target_link_libraries(main PRIVATE glfw)

glfw3 provides pkg-config modules:

  # A multi-platform library for OpenGL, window and input
  glfw3

The package glm provides CMake targets:

    find_package(glm CONFIG REQUIRED)
    target_link_libraries(main PRIVATE glm::glm)

    # Or use the header-only version
    find_package(glm CONFIG REQUIRED)
    target_link_libraries(main PRIVATE glm::glm-header-only)

The package opengl is compatible with built-in CMake targets via CMake v3.7 and prior syntax

    find_package(OpenGL REQUIRED)
    target_link_libraries(main PRIVATE ${OPENGL_LIBRARIES})
    target_include_directories(main PRIVATE ${OPENGL_INCLUDE_DIR})

and the CMake v3.8 and beyond imported target syntax

    find_package(OpenGL REQUIRED)
    target_link_libraries(main PRIVATE OpenGL::GL)

introduction of various components

    find_package(OpenGL REQUIRED COMPONENTS GL      # v3.8
                                            GLU     # v3.8
                                            GLX     # v3.10
                                            EGL     # v3.10
                                            OpenGL) # v3.10

The OpenGL SDK is highly platform dependent and is usually an OS component. It's not realistic to build from source for every platform.

    WINDOWS: is part of the Windows SDK which this package installs.
    LINUX: the SDK may be installed from your distro's repo or from 3rd parties manually. There are too many to count.
    APPLE: consult your distribution vendor on the state of OpenGL support: https://support.apple.com/en-us/HT202823

error: zip --quiet -y -r /home/matias/vcpkg/packages/glm_x64-linux.zip * --exclude .DS_Store failed with exit code 127
sh: line 1: zip: command not found

Completed submission of glm:x64-linux@1.0.3 to 0 binary cache(s) in 2.25 ms
Waiting for 1 remaining binary cache submissions...
error: zip --quiet -y -r /home/matias/vcpkg/packages/opengl_x64-linux.zip * --exclude .DS_Store failed with exit code 127
sh: line 1: zip: command not found

Completed submission of opengl:x64-linux@2022-12-04#3 to 0 binary cache(s) in 2.17 ms (1/1)
All requested installations completed successfully in: 14 s
